2023/06/21 21:15:53 http://localhost:8080 에서 요청을 기다리는 중:
2023/06/21 21:16:05 2023년06월21일 21시16분: login
2023/06/21 21:16:05 2023년06월21일 21시16분: assets/main.css
2023/06/21 21:16:05 2023년06월21일 21시16분: assets/normalize.css
2023/06/21 21:22:33 http://localhost:80 에서 요청을 기다리는 중:
2023/06/21 21:22:56 http://localhost:80 에서 요청을 기다리는 중:
2023/06/21 21:23:41 http://localhost:80 에서 요청을 기다리는 중:
2023/06/21 21:23:49 
2023/06/21 21:23:49 assets/main.css
2023/06/21 21:23:49 assets/normalize.css
2023/06/21 21:23:49 favicon.ico
2023/06/21 21:24:06 http://localhost:80 에서 요청을 기다리는 중:
2023/06/21 21:24:06 ::1/
2023/06/21 21:24:06 ::1/assets/main.css
2023/06/21 21:24:06 ::1/assets/normalize.css
2023/06/25 16:09:06 http://localhost:80 에서 요청을 기다리는 중:
2023/06/25 16:09:09 ::1/
2023/06/25 16:09:09 ::1/assets/main.css
2023/06/25 16:09:09 ::1/assets/normalize.css
2023/06/25 16:09:09 ::1/apple-touch-icon-precomposed.png
2023/06/25 16:09:09 ::1/apple-touch-icon.png
2023/06/25 16:09:11 ::1/
2023/06/25 16:09:11 ::1/assets/main.css
2023/06/25 16:09:11 ::1/assets/normalize.css
2023/06/25 16:09:13 ::1/test2
2023/06/25 16:09:22 http://localhost:80 에서 요청을 기다리는 중:
2023/06/25 16:09:22 ::1/test2
2023/06/25 16:09:30 http://localhost:80 에서 요청을 기다리는 중:
2023/06/25 16:09:31 ::1/test2
2023/06/25 16:09:35 http://localhost:80 에서 요청을 기다리는 중:
2023/06/25 16:09:39 ::1/test2
2023/06/25 16:11:33 http://localhost:80 에서 요청을 기다리는 중:
2023/06/25 16:11:34 ::1/sample
2023/06/25 16:11:38 ::1/sample
2023/06/25 16:11:39 ::1/
2023/06/25 16:11:39 ::1/assets/main.css
2023/06/25 16:11:39 ::1/assets/normalize.css
2023/06/25 16:11:40 ::1/test2
2023/06/25 16:11:41 ::1/test2
2023/06/25 16:11:41 ::1/test
2023/06/25 16:11:41 ::1/assets/main.css
2023/06/25 16:11:41 ::1/assets/normalize.css
2023/06/25 16:28:15 http://localhost:80 에서 요청을 기다리는 중:
2023/06/25 16:28:44 http://localhost:80 에서 요청을 기다리는 중:
2023/06/25 16:28:47 ::1/AIList
2023/06/25 16:28:47 ErrOK:  http: named cookie not present
2023/06/25 16:28:48 ErrOK:  mongo: no documents in result
2023/06/25 16:28:57 ::1/
2023/06/25 16:28:57 ::1/assets/main.css
2023/06/25 16:28:57 ::1/assets/normalize.css
2023/06/25 16:28:58 ::1/login
2023/06/25 16:28:58 ::1/assets/main.css
2023/06/25 16:28:58 ::1/assets/normalize.css
2023/06/25 16:29:01 ::1/login/auth/id
2023/06/25 16:29:01 pseudo: hhammer1234@gmail.com 을 E-Mail로 로그인하기
2023/06/25 16:29:01 ::1/login/id/hhammer1234@gmail.com
2023/06/25 16:29:01 ::1/assets/main.css
2023/06/25 16:29:01 ::1/assets/normalize.css
2023/06/25 16:29:03 ::1/login/auth/password/
2023/06/25 16:29:03 session이 겹치는 이메일 삭제 1
2023/06/25 16:29:03 ObjectID("6497ecbf0ab3e9c77e4e4a0b")
2023/06/25 16:29:04 ::1/session/
2023/06/25 16:29:08 ::1/
2023/06/25 16:29:08 ::1/assets/main.css
2023/06/25 16:29:08 ::1/assets/normalize.css
2023/06/25 16:29:11 ::1/
2023/06/25 16:29:11 ::1/assets/main.css
2023/06/25 16:29:11 ::1/assets/normalize.css
2023/06/25 16:29:11 ::1/AIList
2023/06/25 16:29:31 ::1/assets/test.html
2023/06/25 16:29:45 ::1/AIList
2023/06/25 16:30:09 http://localhost:80 에서 요청을 기다리는 중:
2023/06/25 16:30:09 ::1/AIList
2023/06/25 16:30:20 ::1/
2023/06/25 16:30:20 ::1/assets/main.css
2023/06/25 16:30:20 ::1/assets/normalize.css
2023/06/25 16:30:20 ::1/assets/test.html
2023/06/25 16:31:58 http://localhost:80 에서 요청을 기다리는 중:
2023/06/25 16:31:59 ::1/AIList
2023/06/25 16:31:59 ErrOK:  mongo: no documents in result
2023/06/25 16:31:59 ErrOK:  mongo: no documents in result
2023/06/25 16:32:14 ::1/assets/main.css
2023/06/25 16:32:14 ::1/assets/normalize.css
2023/06/25 16:32:15 ::1/login/auth/password/
2023/06/25 16:32:15 ID, 비밀번호 매칭 실패
2023/06/25 16:32:16 ::1/login/id/hhammer1234@gmail.com
2023/06/25 16:32:16 ::1/assets/main.css
2023/06/25 16:32:16 ::1/assets/normalize.css
2023/06/25 16:32:19 ::1/login/auth/password/
2023/06/25 16:32:20 session이 겹치는 이메일 삭제 1
2023/06/25 16:32:20 ObjectID("6497ed84262764184c1a2dcc")
2023/06/25 16:32:20 ::1/session/
2023/06/25 16:32:25 ::1/assets/test.html
2023/06/25 16:32:25 ::1/assets/test.html
2023/06/25 16:32:25 ::1/
2023/06/25 16:32:25 ::1/assets/main.css
2023/06/25 16:32:25 ::1/assets/normalize.css
2023/06/25 16:32:26 ::1/AIList
2023/06/25 17:44:18 http://localhost:80 에서 요청을 기다리는 중:
2023/06/25 17:45:01 ::1/
2023/06/25 17:45:01 ::1/assets/main.css
2023/06/25 17:45:01 ::1/assets/normalize.css
2023/06/25 17:45:02 ::1/session/
2023/06/25 17:45:02 ::1/sample
2023/06/25 17:45:02 ::1/assets/main.css
2023/06/25 17:45:02 ::1/assets/normalize.css
2023/06/25 17:45:20 http://localhost:80 에서 요청을 기다리는 중:
2023/06/25 17:45:20 ::1/sample
2023/06/25 17:45:20 ::1/assets/main.css
2023/06/25 17:45:21 ::1/assets/normalize.css
2023/06/25 17:45:21 ::1/sample
2023/06/25 17:45:21 ::1/assets/main.css
2023/06/25 17:45:21 ::1/assets/normalize.css
2023/06/25 17:45:26 ::1/test2
2023/06/25 17:45:28 ::1/test
2023/06/25 17:45:28 ErrOK:  mongo: no documents in result
2023/06/25 17:51:08 http://localhost:80 에서 요청을 기다리는 중:
2023/06/25 17:51:11 ::1/test
2023/06/25 17:51:19 ::1/test
2023/06/25 17:51:21 ErrOK:  mongo: no documents in result
2023/06/25 17:51:29 ErrOK:  mongo: no documents in result
2023/06/25 17:53:11 ::1/test
2023/06/25 17:53:11 ErrOK:  mongo: no documents in result
2023/06/25 17:54:34 http://localhost:80 에서 요청을 기다리는 중:
2023/06/25 17:54:36 ::1/test
2023/06/25 17:54:46 http://localhost:80 에서 요청을 기다리는 중:
2023/06/25 17:54:47 ::1/test
2023/06/25 17:54:47 ErrOK:  mongo: no documents in result
2023/06/25 18:15:54 http://localhost:80 에서 요청을 기다리는 중:
2023/06/25 18:15:55 ::1/test
2023/06/25 18:15:56 ErrOK:  (BadValue) unknown top level operator: $in. If you have a field name that starts with a '$' symbol, consider using $getField or $setField.
2023/06/25 18:20:00 http://localhost:80 에서 요청을 기다리는 중:
2023/06/25 18:20:02 ::1/test
2023/06/25 18:20:02 ErrOK:  (BadValue) unknown top level operator: $in. If you have a field name that starts with a '$' symbol, consider using $getField or $setField.
2023/06/25 20:21:48 http://localhost:80 에서 요청을 기다리는 중:
2023/06/25 20:28:02 http://localhost:80 에서 요청을 기다리는 중:
2023/06/25 20:28:12 ::1/
2023/06/25 20:28:12 ::1/assets/main.css
2023/06/25 20:28:12 ::1/assets/normalize.css
2023/06/25 20:28:13 ::1/login
2023/06/25 20:28:13 ::1/assets/main.css
2023/06/25 20:28:13 ::1/assets/normalize.css
2023/06/25 20:28:15 ::1/login/auth/id
2023/06/25 20:28:15 ErrOK:  mongo: no documents in result
2023/06/25 20:28:16 pseudo: 회원가입으로 이동하기 hhammer1234@gmail.com 62683
2023/06/25 20:28:16 db regist에 저장 완료 &{ObjectID("649824d0a043094e54d87543")}
2023/06/25 20:28:16 ::1/r/hhammer1234@gmail.com
2023/06/25 20:28:16 ::1/assets/main.css
2023/06/25 20:28:16 ::1/assets/normalize.css
2023/06/25 20:28:28 ::1/login/auth/register/
2023/06/25 20:28:29 &{ObjectID("649824dda043094e54d87546")}
2023/06/25 20:28:29 regist 사용된 키 삭제: 1
2023/06/25 20:28:29 ::1/login/
2023/06/25 20:28:29 ::1/assets/main.css
2023/06/25 20:28:29 ::1/assets/normalize.css
2023/06/25 20:28:52 ::1/login/auth/id
2023/06/25 20:28:52 pseudo: hhammer1234@gmail.com 을 E-Mail로 로그인하기
2023/06/25 20:28:52 ::1/login/id/hhammer1234@gmail.com
2023/06/25 20:28:52 ::1/assets/main.css
2023/06/25 20:28:52 ::1/assets/normalize.css
2023/06/25 20:28:53 ::1/login/auth/password/
2023/06/25 20:28:54 session이 겹치는 이메일 삭제 0
2023/06/25 20:28:54 ObjectID("649824f6a043094e54d87549")
2023/06/25 20:28:54 ::1/session/
2023/06/25 20:29:04 ::1/test
2023/06/25 20:29:04 ErrOK:  (BadValue) unknown top level operator: $in. If you have a field name that starts with a '$' symbol, consider using $getField or $setField.
2023/06/25 20:29:25 ::1/
2023/06/25 20:29:25 ::1/assets/main.css
2023/06/25 20:29:25 ::1/assets/normalize.css
2023/06/25 20:29:25 ::1/assets/test.html
2023/06/25 20:29:30 ::1/session/
2023/06/25 20:29:34 ::1/session/
2023/06/25 21:22:14 http://localhost:80 에서 요청을 기다리는 중:
2023/06/25 21:22:19 ::1/comments/
2023/06/25 21:22:19 ErrOK:  the provided hex string is not a valid ObjectID
2023/06/25 21:22:20 ::1/assets/comments.css
2023/06/25 21:22:20 ::1/assets/normalize.css
2023/06/25 21:22:41 http://localhost:80 에서 요청을 기다리는 중:
2023/06/25 21:22:41 ::1/comments/
2023/06/25 21:22:41 ErrOK:  the provided hex string is not a valid ObjectID
2023/06/25 21:22:42 ::1/assets/comments.css
2023/06/25 21:22:42 ::1/assets/normalize.css
2023/06/25 21:22:43 ::1/comments/
2023/06/25 21:22:43 ErrOK:  the provided hex string is not a valid ObjectID
2023/06/25 21:22:44 ::1/assets/comments.css
2023/06/25 21:22:44 ::1/assets/normalize.css
2023/06/25 21:22:45 ::1/comments/
2023/06/25 21:22:45 ErrOK:  the provided hex string is not a valid ObjectID
2023/06/25 21:22:45 ::1/assets/comments.css
2023/06/25 21:22:45 ::1/assets/normalize.css
2023/06/25 21:22:46 ::1/comments/
2023/06/25 21:22:46 ErrOK:  the provided hex string is not a valid ObjectID
2023/06/25 21:22:47 ::1/assets/comments.css
2023/06/25 21:22:47 ::1/assets/normalize.css
2023/06/25 21:22:48 ::1/comments/
2023/06/25 21:22:48 ErrOK:  the provided hex string is not a valid ObjectID
2023/06/25 21:22:49 ::1/assets/comments.css
2023/06/25 21:22:49 ::1/assets/normalize.css
2023/06/25 21:23:23 http://localhost:80 에서 요청을 기다리는 중:
2023/06/25 21:23:24 ::1/comments/
2023/06/25 21:23:24 ErrOK:  the provided hex string is not a valid ObjectID
2023/06/25 21:23:25 ::1/assets/comments.css
2023/06/25 21:23:25 ::1/assets/normalize.css
2023/06/25 21:23:27 ::1/comments/insert/
2023/06/25 21:23:27 ErrOK:  http: named cookie not present
2023/06/25 21:23:27 ::1/assets/main.css
2023/06/25 21:23:27 ::1/assets/normalize.css
2023/06/25 21:23:31 ::1/comments/
2023/06/25 21:23:31 ErrOK:  the provided hex string is not a valid ObjectID
2023/06/25 21:23:32 ::1/assets/comments.css
2023/06/25 21:23:32 ::1/assets/normalize.css
2023/06/25 21:23:34 ::1/comments/insert/
2023/06/25 21:23:34 ErrOK:  http: named cookie not present
2023/06/25 21:23:34 ::1/assets/main.css
2023/06/25 21:23:34 ::1/assets/normalize.css
2023/06/25 21:23:35 ::1/login
2023/06/25 21:23:35 ::1/assets/main.css
2023/06/25 21:23:35 ::1/assets/normalize.css
2023/06/25 21:23:40 ::1/login/auth/id
2023/06/25 21:23:40 pseudo: hhammer1234@gmail.com 을 E-Mail로 로그인하기
2023/06/25 21:23:40 ::1/login/id/hhammer1234@gmail.com
2023/06/25 21:23:40 ::1/assets/main.css
2023/06/25 21:23:40 ::1/assets/normalize.css
2023/06/25 21:23:41 ::1/login/auth/password/
2023/06/25 21:23:42 session이 겹치는 이메일 삭제 1
2023/06/25 21:23:42 ObjectID("649831ce1984c1ede7116c9c")
2023/06/25 21:23:42 ::1/session/
2023/06/25 21:23:46 ::1/
2023/06/25 21:23:46 ::1/assets/main.css
2023/06/25 21:23:46 ::1/assets/normalize.css
2023/06/25 21:23:46 ::1/comments/
2023/06/25 21:23:46 ErrOK:  the provided hex string is not a valid ObjectID
2023/06/25 21:23:47 ::1/assets/comments.css
2023/06/25 21:23:47 ::1/assets/normalize.css
2023/06/25 21:23:50 ::1/comments/insert/
2023/06/25 21:23:50 ErrOK:  the provided hex string is not a valid ObjectID
2023/06/25 21:23:51 ::1/comments/
2023/06/25 21:23:51 ErrOK:  the provided hex string is not a valid ObjectID
2023/06/25 21:23:52 ErrOK:  mongo: no documents in result
2023/06/25 21:23:52 ::1/assets/normalize.css
2023/06/25 21:23:52 ::1/assets/comments.css
2023/06/25 21:23:54 ::1/comments/
2023/06/25 21:23:54 ErrOK:  the provided hex string is not a valid ObjectID
2023/06/25 21:23:55 ErrOK:  mongo: no documents in result
2023/06/25 21:23:55 ::1/assets/normalize.css
2023/06/25 21:23:55 ::1/assets/comments.css
2023/06/25 21:23:56 ::1/comments/insert/
2023/06/25 21:23:56 ErrOK:  the provided hex string is not a valid ObjectID
2023/06/25 21:23:57 ::1/comments/
2023/06/25 21:23:57 ErrOK:  the provided hex string is not a valid ObjectID
2023/06/25 21:23:58 ErrOK:  mongo: no documents in result
2023/06/25 21:23:58 ::1/assets/normalize.css
2023/06/25 21:23:58 ::1/assets/comments.css
2023/06/25 21:24:01 ::1/comments/insert/
2023/06/25 21:24:01 ErrOK:  the provided hex string is not a valid ObjectID
2023/06/25 21:24:02 ::1/comments/
2023/06/25 21:24:02 ErrOK:  the provided hex string is not a valid ObjectID
2023/06/25 21:24:03 ErrOK:  mongo: no documents in result
2023/06/25 21:24:03 ::1/assets/normalize.css
2023/06/25 21:24:03 ::1/assets/comments.css
2023/06/25 21:24:06 ::1/comments/
2023/06/25 21:24:06 ErrOK:  the provided hex string is not a valid ObjectID
2023/06/25 21:24:06 ErrOK:  mongo: no documents in result
2023/06/25 21:24:07 ::1/assets/comments.css
2023/06/25 21:24:07 ::1/assets/normalize.css
2023/06/25 21:24:08 ::1/comments/
2023/06/25 21:24:08 ErrOK:  the provided hex string is not a valid ObjectID
2023/06/25 21:24:09 ErrOK:  mongo: no documents in result
2023/06/25 21:24:10 ::1/assets/comments.css
2023/06/25 21:24:10 ::1/assets/normalize.css
2023/06/25 21:24:10 ::1/assets/comments.css
2023/06/25 21:24:10 ::1/assets/normalize.css
2023/06/25 21:24:16 http://localhost:80 에서 요청을 기다리는 중:
2023/06/25 21:24:17 ::1/comments/
2023/06/25 21:24:17 ErrOK:  the provided hex string is not a valid ObjectID
2023/06/25 21:24:18 ErrOK:  mongo: no documents in result
2023/06/25 21:24:19 ::1/assets/comments.css
2023/06/25 21:24:19 ::1/assets/normalize.css
2023/06/25 21:24:21 ::1/comments/
2023/06/25 21:24:21 ErrOK:  the provided hex string is not a valid ObjectID
2023/06/25 21:24:22 ErrOK:  mongo: no documents in result
2023/06/25 21:24:22 ::1/assets/comments.css
2023/06/25 21:24:22 ::1/assets/normalize.css
2023/06/25 21:25:16 http://localhost:80 에서 요청을 기다리는 중:
2023/06/25 21:25:16 ::1/comments/
2023/06/25 21:25:16 ErrOK:  the provided hex string is not a valid ObjectID
2023/06/25 21:25:17 ErrOK:  mongo: no documents in result
2023/06/25 21:25:18 ::1/assets/comments.css
2023/06/25 21:25:18 ::1/assets/normalize.css
2023/06/25 21:25:21 ::1/comments/insert/
2023/06/25 21:25:21 ErrOK:  the provided hex string is not a valid ObjectID
2023/06/25 21:25:22 ::1/comments/
2023/06/25 21:25:22 ErrOK:  the provided hex string is not a valid ObjectID
2023/06/25 21:25:22 ErrOK:  mongo: no documents in result
2023/06/25 21:25:23 ::1/assets/comments.css
2023/06/25 21:25:23 ::1/assets/normalize.css
2023/06/25 21:25:24 ::1/comments/
2023/06/25 21:25:24 ErrOK:  the provided hex string is not a valid ObjectID
2023/06/25 21:25:25 ErrOK:  mongo: no documents in result
2023/06/25 21:25:26 ::1/assets/comments.css
2023/06/25 21:25:26 ::1/assets/normalize.css
2023/06/25 21:25:33 http://localhost:80 에서 요청을 기다리는 중:
2023/06/25 21:26:09 http://localhost:80 에서 요청을 기다리는 중:
2023/06/25 21:26:10 ::1/comments/
2023/06/25 21:26:10 ErrOK:  the provided hex string is not a valid ObjectID
2023/06/25 21:26:16 ::1/comments/
2023/06/25 21:26:16 ErrOK:  the provided hex string is not a valid ObjectID
2023/06/25 21:26:21 ErrOK:  mongo: no documents in result
2023/06/25 21:26:30 ::1/comments/
2023/06/25 21:26:30 ErrOK:  the provided hex string is not a valid ObjectID
2023/06/25 21:26:47 ErrOK:  mongo: no documents in result
2023/06/25 21:26:56 http://localhost:80 에서 요청을 기다리는 중:
2023/06/25 21:26:57 ::1/comments/
2023/06/25 21:26:57 ErrOK:  the provided hex string is not a valid ObjectID
2023/06/25 21:27:28 ErrOK:  mongo: no documents in result
2023/06/25 21:27:39 ::1/assets/comments.css
2023/06/25 21:27:39 ::1/assets/normalize.css
2023/06/25 21:28:03 ::1/comments/insert/
2023/06/25 21:28:03 ErrOK:  the provided hex string is not a valid ObjectID
2023/06/25 21:28:04 ::1/comments/
2023/06/25 21:28:04 ErrOK:  the provided hex string is not a valid ObjectID
2023/06/25 21:28:05 ErrOK:  mongo: no documents in result
2023/06/25 21:28:06 ::1/assets/comments.css
2023/06/25 21:28:06 ::1/assets/normalize.css
2023/06/25 21:28:14 http://localhost:80 에서 요청을 기다리는 중:
2023/06/25 21:28:15 ::1/comments/
2023/06/25 21:28:15 ErrOK:  the provided hex string is not a valid ObjectID
2023/06/25 21:28:16 ErrOK:  mongo: no documents in result
2023/06/25 21:28:17 ::1/assets/comments.css
2023/06/25 21:28:17 ::1/assets/normalize.css
2023/06/25 21:28:20 ::1/comments/
2023/06/25 21:28:20 ErrOK:  the provided hex string is not a valid ObjectID
2023/06/25 21:28:21 ErrOK:  mongo: no documents in result
2023/06/25 21:28:22 ::1/assets/comments.css
2023/06/25 21:28:22 ::1/assets/normalize.css
2023/06/25 21:28:49 ::1/comments/
2023/06/25 21:28:49 ErrOK:  the provided hex string is not a valid ObjectID
2023/06/25 21:28:50 ErrOK:  mongo: no documents in result
2023/06/25 21:28:51 ::1/assets/comments.css
2023/06/25 21:28:51 ::1/assets/normalize.css
2023/06/25 21:30:00 http://localhost:80 에서 요청을 기다리는 중:
2023/06/25 21:30:01 ::1/comments/
2023/06/25 21:30:01 ErrOK:  the provided hex string is not a valid ObjectID
2023/06/25 21:30:02 ErrOK:  mongo: no documents in result
2023/06/25 21:30:04 ::1/assets/comments.css
2023/06/25 21:30:04 ::1/assets/normalize.css
2023/06/25 21:30:09 ::1/comments/
2023/06/25 21:30:09 ErrOK:  the provided hex string is not a valid ObjectID
2023/06/25 21:30:20 ErrOK:  mongo: no documents in result
2023/06/25 21:30:30 http://localhost:80 에서 요청을 기다리는 중:
2023/06/25 21:30:31 ::1/comments/
2023/06/25 21:30:31 ErrOK:  the provided hex string is not a valid ObjectID
2023/06/25 21:30:52 ErrOK:  mongo: no documents in result
2023/06/25 21:30:53 ::1/assets/comments.css
2023/06/25 21:30:53 ::1/assets/normalize.css
2023/06/25 21:31:20 http://localhost:80 에서 요청을 기다리는 중:
2023/06/25 21:31:21 ::1/comments/
2023/06/25 21:31:21 ErrOK:  the provided hex string is not a valid ObjectID
2023/06/25 21:31:22 ErrOK:  mongo: no documents in result
2023/06/25 21:31:23 ::1/assets/comments.css
2023/06/25 21:31:23 ::1/assets/normalize.css
2023/06/25 21:32:27 http://localhost:80 에서 요청을 기다리는 중:
2023/06/25 21:32:27 ::1/comments/
2023/06/25 21:32:27 ErrOK:  the provided hex string is not a valid ObjectID
2023/06/25 21:32:28 ErrOK:  mongo: no documents in result
2023/06/25 21:32:30 ::1/assets/comments.css
2023/06/25 21:32:30 ::1/assets/normalize.css
2023/06/25 21:32:31 ::1/comments/
2023/06/25 21:32:31 ErrOK:  the provided hex string is not a valid ObjectID
2023/06/25 21:32:32 ErrOK:  mongo: no documents in result
2023/06/25 21:32:33 ::1/assets/comments.css
2023/06/25 21:32:33 ::1/assets/normalize.css
2023/06/25 21:32:34 ::1/comments/insert/
2023/06/25 21:32:35 ErrOK:  the provided hex string is not a valid ObjectID
2023/06/25 21:32:35 ::1/comments/
2023/06/25 21:32:35 ErrOK:  the provided hex string is not a valid ObjectID
2023/06/25 21:32:36 ErrOK:  mongo: no documents in result
2023/06/25 21:32:38 ::1/assets/comments.css
2023/06/25 21:32:38 ::1/assets/normalize.css
2023/06/25 21:33:49 ::1/comments/
2023/06/25 21:33:49 ErrOK:  the provided hex string is not a valid ObjectID
2023/06/25 21:33:50 ErrOK:  mongo: no documents in result
2023/06/25 21:33:51 ::1/assets/comments.css
2023/06/25 21:33:51 ::1/assets/normalize.css
2023/06/25 21:35:05 http://localhost:80 에서 요청을 기다리는 중:
2023/06/25 21:35:05 ::1/comments/
2023/06/25 21:35:05 ErrOK:  the provided hex string is not a valid ObjectID
2023/06/25 21:35:06 ErrOK:  mongo: no documents in result
2023/06/25 21:35:08 ::1/assets/comments.css
2023/06/25 21:35:08 ::1/assets/normalize.css
2023/06/26 10:45:46 http://localhost:80 에서 요청을 기다리는 중:
